Microsoft (R) Windows Script Host Version 5.8
Copyright (C) Microsoft Corporation. All rights reserved.

Log level is 255
Reading host XML files.
WPKG base path: C:\Users\philip\Documents\GitHub\wpkg
Trying to read XML files from directory: C:\Users\philip\Documents\GitHub\wpkg\hosts
Reading XML file: C:/Users/philip/Documents/GitHub/wpkg/hosts/room1.xml
Reading XML file: C:/Users/philip/Documents/GitHub/wpkg/hosts/room2.xml
Reading XML file: C:/Users/philip/Documents/GitHub/wpkg/hosts.xml
Found 4 host entries.
Reading profile XML files.
WPKG base path: C:\Users\philip\Documents\GitHub\wpkg
Trying to read XML files from directory: C:\Users\philip\Documents\GitHub\wpkg\profiles
Reading XML file: C:/Users/philip/Documents/GitHub/wpkg/profiles/room1.xml
Reading XML file: C:/Users/philip/Documents/GitHub/wpkg/profiles/room2.xml
Reading XML file: C:/Users/philip/Documents/GitHub/wpkg/profiles.xml
Found 6 profile entries.
Reading package XML files.
WPKG base path: C:\Users\philip\Documents\GitHub\wpkg
Trying to read XML files from directory: C:\Users\philip\Documents\GitHub\wpkg\packages
Reading XML file: C:/Users/philip/Documents/GitHub/wpkg/packages/7zip.xml
Reading XML file: C:/Users/philip/Documents/GitHub/wpkg/packages/AdobeFlashPlayer.xml
Reading XML file: C:/Users/philip/Documents/GitHub/wpkg/packages/JavaJRE.xml
Reading XML file: C:/Users/philip/Documents/GitHub/wpkg/packages/firefox.xml
Reading XML file: C:/Users/philip/Documents/GitHub/wpkg/packages/notepadplusplus.xml
Reading XML file: C:/Users/philip/Documents/GitHub/wpkg/packages/thunderbird.xml
Reading XML file: C:/Users/philip/Documents/GitHub/wpkg/packages.xml
Found 21 package entries.
Reading settings file: C:\Windows\System32\wpkg.xml
WPKG base path: C:\Users\philip\Documents\GitHub\wpkg
Reading XML file: C:/Windows/System32/wpkg.xml
Profiles applying to the current host:
other

Hosts file contains 4 hosts:
'name='room1-pc.+',profile-id='room1''
'name='room2-pc.+',profile-id='room2''
'name='hostname',profile-id='custom''
'name='.+',profile-id='other''
Initializing new log file: 'C:\Users\philip\AppData\Local\Temp\wpkg-glalph.log' in replace mode.
Settings file contains 89 packages:
'3cxcrm'
'3cxphone'
'3cxcallprotocols'
'7zip'
'adobeflashplayer'
'adobereader'
'appleapplicationsupport'
'applemobilesupport'
'itunes'
'autoscreenrecorder'
'autohotkey'
'casperjs'
'chrome'
'citrix'
'classicshell'
'dia'
'fogservice'
'filezilla'
'foxitreader'
'foxproodbc'
'gimp'
'ghostscript'
'handbrake'
'imageresizer'
'inkscape'
'irfanview'
'irfanview_plugins'
'java8'
'keepass'
'microdec'
'dotnetfx4'
'dotnetfx45'
'ms_ad_powershell'
'office2013'
'msonline_signin'
'silverlight'
'miscodbc'
'firefox'
'firefoxsettings'
'mysqlodbc'
'notepadplusplus'
'notepadplusplusxmltoolsplugin'
'notepadplusplusxmltoolsextlibs'
'odbcquerytool'
'officecustomuieditor'
'orca'
'pdfcreator'
'pdftk'
'pdftkbuilder'
'paintnet'
'psqlodbc'
'putty'
'radminviewer'
'remotedesktopmanager'
'sqlserverodbc'
'sqliteodbc'
'screenhunterfree'
'skype'
'symantec'
'teamviewer'
'teamviewermanager'
'toadmysql'
'treesize'
'rapport'
'vmwarevsphereclient55'
'vmwarevsphereclient'
'vlc'
'visualcredist'
'visualcredist64'
'vs2010toolsforoffice'
'watchguardsso'
'winscp'
'windowsaik'
'windowsdesktopadmintools'
'curl'
'excelmacros'
'git'
'vim'
'jacobsmacros'
'lftp'
'mailmergetodocs'
'mybposchromeextension'
'outlookmacros'
'removekb3114717'
'sageodbc'
'sageodbcsettings'
'sqlite'
'sqlitebrowser'
'wordmacros'
Packages file contains 21 packages:
'7zip'
'AdobeFlashPlayer'
'JRE6'
'firefox'
'FirefoxExtensions'
'SQLiteManager'
'SortPlaces'
'PDFDownload'
'Firebug'
'DownThemAll'
'CheckPlaces'
'Brief'
'AddblockPlus'
'NotepadPlusPlus'
'NotepadPlusPlusXMLToolsExtLibs'
'NotepadPlusPlusXMLToolsPlugin'
'thunderbird'
'wpkg1'
'wpkg2'
'wpkg3'
'time'
Profile file contains 6 profiles:
'room1'
'room2'
'default'
'custom'
'administration'
'other'
Using profile(s): 
'other'
Reading variables from package 'Notepad++'.
Got variable 'version' of value '7.4.2'
Got variable 'installerPath' of value 'notepad++\npp.%version%.Installer.exe'
Got variable 'installerURL' of value 'http://download.tuxfamily.org/notepadplus/%version%/npp.%version%.Installer.exe'
Reading variables from profile[s]
Getting profiles which apply to this node.
Applying profile: other
Adding profile dependencies of profile 'other': 'default'
Reading variables from profile default
Reading variables from profile other
Reading variables from hosts[s]
Reading variables from host: name='.+',profile-id='other'
Going to install package 'Notepad++' (NotepadPlusPlus), Revision 1.7.4.2, (execute flag is '', notify flag is 'true').
Package 'Notepad++' (NotepadPlusPlus): Not yet processed during this session.
Reading variables from package 'Notepad++'.
Got variable 'version' of value '7.4.2'
Got variable 'installerPath' of value 'notepad++\npp.%version%.Installer.exe'
Got variable 'installerURL' of value 'http://download.tuxfamily.org/notepadplus/%version%/npp.%version%.Installer.exe'
Reading variables from profile[s]
Reading variables from hosts[s]
Package 'Notepad++' (NotepadPlusPlus): Not in local package database; Marking for installation.
Package 'Notepad++' (NotepadPlusPlus): Prepared for installation.
Checking existence of package: Notepad++
Reading variables from package 'Notepad++'.
Got variable 'version' of value '7.4.2'
Got variable 'installerPath' of value 'notepad++\npp.%version%.Installer.exe'
Got variable 'installerURL' of value 'http://download.tuxfamily.org/notepadplus/%version%/npp.%version%.Installer.exe'
Reading variables from profile[s]
Reading variables from hosts[s]
Unable to match uninstall key with regular expression. Usually this means that the string 'Notepad++'does not qualify as a regular expression: Unexpected quantifier
Uninstall entry 'Notepad++' matches string 'Notepad++'.
Found version of 'Notepad++' at HKLM\SOFTWARE\Wow6432Node\Microsoft\Windows\CurrentVersion\Uninstall\Notepad++: 6.8.5
Comparing to expected version: %version%.
Comparing version: '6.8.5' <=> '7.4.2'.
Comparing version fragments: '6' <=> '7'
Comparing uninstall version '6.8.5' to expected version '7.4.2' using condition 'versiongreaterorequal' returned -1.
Uninstall version check for package 'Notepad++' returned false for operation type versiongreaterorequal.
Saving unsorted settings to 'C:\Windows\System32\wpkg.xml'.
Saving XML : C:\Windows\System32\wpkg.xml
Package 'Notepad++' (NotepadPlusPlus): Not installed (checks failed). Preparing installation.
Installation of references (dependencies) for 'Notepad++' (NotepadPlusPlus) successfully finished.
Installing 'Notepad++' (NotepadPlusPlus)...
Reading variables from package 'Notepad++'.
Got variable 'version' of value '7.4.2'
Got variable 'installerPath' of value 'notepad++\npp.%version%.Installer.exe'
Got variable 'installerURL' of value 'http://download.tuxfamily.org/notepadplus/%version%/npp.%version%.Installer.exe'
Reading variables from profile[s]
Reading variables from hosts[s]
Install type: install
The path 'software\notepad++\npp.7.4.2.Installer.exe' does not exist: the test failed.
Searching for previously executed checks with attributes type='file', condition='exists', path='%SOFTWARE%\\%installerPath%'
Unable to find any previously executed checks with these attributes.
Saving unsorted settings to 'C:\Windows\System32\wpkg.xml'.
Saving XML : C:\Windows\System32\wpkg.xml
Result of logical 'NOT' check is true.
Additional conditions matched successfully.
Fetched 5 install command(s).
Found language definition node for language ID 809
Executing command: '%SystemRoot%\System32\msg.exe * /TIME:10 "Automatic software deployment is currently updating your system. Please save all your documents as the the system might reboot without further notice. Thank you."' ('C:\windows\System32\msg.exe * /TIME:10 "Automatic software deployment is currently updating your system. Please save all your documents as the the system might reboot without further notice. Thank you."').
Executing command: '"downloader.cmd" 	"%installerURL%"	"%software%\%installerPath%"  >NUL' ('"downloader.cmd" 	"http://download.tuxfamily.org/notepadplus/7.4.2/npp.7.4.2.Installer.exe"	"software\notepad++\npp.7.4.2.Installer.exe"  >NUL').
Command '"downloader.cmd" 	"%installerURL%"	"%software%\%installerPath%"  >NUL' ('"downloader.cmd" 	"http://download.tuxfamily.org/notepadplus/7.4.2/npp.7.4.2.Installer.exe"	"software\notepad++\npp.7.4.2.Installer.exe"  >NUL') was unsuccessful.
The system cannot find the file specified.

Could not process (install) package 'Notepad++' (NotepadPlusPlus):
Exit code returned non-successful value (-1) on command '"downloader.cmd" 	"%installerURL%"	"%software%\%installerPath%"  >NUL'.
Cleaning up temporary downloaded files
Restoring previous environment.
